# JRE version: OpenJDK Runtime Environment Temurin-21.0.8+9 (21.0.8+9) (build 21.0.8+9-LTS)
# Java VM: OpenJDK 64-Bit Server VM Temurin-21.0.8+9 (21.0.8+9-LTS, mixed mode, sharing, tiered, compressed oops, compressed class ptrs, parallel gc, windows-amd64)
GC Precious Log:
 CardTable entry size: 512
 CPUs: 12 total, 12 available
 Memory: 7560M
 Large Page Support: Disabled
 NUMA Support: Disabled
 Compressed Oops: Enabled (32-bit)
 Alignments: Space 512K, Generation 512K, Heap 2M
 Heap Min Capacity: 100M
 Heap Initial Capacity: 100M
 Heap Max Capacity: 2G
 Pre-touch: Disabled
 Parallel Workers: 10
Heap:
 PSYoungGen      total 5120K, used 4239K [0x00000000d5580000, 0x00000000d5c00000, 0x0000000100000000)
  eden space 4608K, 80% used [0x00000000d5580000,0x00000000d5923c98,0x00000000d5a00000)
  from space 512K, 100% used [0x00000000d5b00000,0x00000000d5b80000,0x00000000d5b80000)
  to   space 512K, 0% used [0x00000000d5b80000,0x00000000d5b80000,0x00000000d5c00000)
 ParOldGen       total 125440K, used 125365K [0x0000000080000000, 0x0000000087a80000, 0x00000000d5580000)
  object space 125440K, 99% used [0x0000000080000000,0x0000000087a6d500,0x0000000087a80000)
 Metaspace       used 61285K, committed 62656K, reserved 1114112K
  class space    used 6370K, committed 6976K, reserved 1048576K
GC Heap History (20 events):
Event: 16.833 GC heap before
{Heap before GC invocations=109 (full 3):
 PSYoungGen      total 6144K, used 6016K [0x00000000d5580000, 0x00000000d5d80000, 0x0000000100000000)
  eden space 5120K, 100% used [0x00000000d5580000,0x00000000d5a80000,0x00000000d5a80000)
  from space 1024K, 87% used [0x00000000d5c00000,0x00000000d5ce0000,0x00000000d5d00000)
  to   space 512K, 0% used [0x00000000d5d00000,0x00000000d5d00000,0x00000000d5d80000)
 ParOldGen       total 118272K, used 117949K [0x0000000080000000, 0x0000000087380000, 0x00000000d5580000)
  object space 118272K, 99% used [0x0000000080000000,0x000000008732f660,0x0000000087380000)
 Metaspace       used 60551K, committed 61952K, reserved 1114112K
  class space    used 6316K, committed 6912K, reserved 1048576K
}
Event: 16.837 GC heap after
{Heap after GC invocations=109 (full 3):
 PSYoungGen      total 5632K, used 512K [0x00000000d5580000, 0x00000000d5e80000, 0x0000000100000000)
  eden space 5120K, 0% used [0x00000000d5580000,0x00000000d5580000,0x00000000d5a80000)
  from space 512K, 100% used [0x00000000d5d00000,0x00000000d5d80000,0x00000000d5d80000)
  to   space 2048K, 0% used [0x00000000d5a80000,0x00000000d5a80000,0x00000000d5c80000)
 ParOldGen       total 119296K, used 118989K [0x0000000080000000, 0x0000000087480000, 0x00000000d5580000)
  object space 119296K, 99% used [0x0000000080000000,0x00000000874334c8,0x0000000087480000)
 Metaspace       used 60551K, committed 61952K, reserved 1114112K
  class space    used 6316K, committed 6912K, reserved 1048576K
}
Event: 16.866 GC heap before
{Heap before GC invocations=110 (full 3):
 PSYoungGen      total 5632K, used 5632K [0x00000000d5580000, 0x00000000d5e80000, 0x0000000100000000)
  eden space 5120K, 100% used [0x00000000d5580000,0x00000000d5a80000,0x00000000d5a80000)
  from space 512K, 100% used [0x00000000d5d00000,0x00000000d5d80000,0x00000000d5d80000)
  to   space 2048K, 0% used [0x00000000d5a80000,0x00000000d5a80000,0x00000000d5c80000)
 ParOldGen       total 119296K, used 118989K [0x0000000080000000, 0x0000000087480000, 0x00000000d5580000)
  object space 119296K, 99% used [0x0000000080000000,0x00000000874334c8,0x0000000087480000)
 Metaspace       used 60553K, committed 61952K, reserved 1114112K
  class space    used 6316K, committed 6912K, reserved 1048576K
}
Event: 16.873 GC heap after
{Heap after GC invocations=110 (full 3):
 PSYoungGen      total 7168K, used 1760K [0x00000000d5580000, 0x00000000d5e80000, 0x0000000100000000)
  eden space 5120K, 0% used [0x00000000d5580000,0x00000000d5580000,0x00000000d5a80000)
  from space 2048K, 85% used [0x00000000d5a80000,0x00000000d5c38010,0x00000000d5c80000)
  to   space 2048K, 0% used [0x00000000d5c80000,0x00000000d5c80000,0x00000000d5e80000)
 ParOldGen       total 119808K, used 119591K [0x0000000080000000, 0x0000000087500000, 0x00000000d5580000)
  object space 119808K, 99% used [0x0000000080000000,0x00000000874c9ce8,0x0000000087500000)
 Metaspace       used 60553K, committed 61952K, reserved 1114112K
  class space    used 6316K, committed 6912K, reserved 1048576K
}
Event: 16.921 GC heap before
{Heap before GC invocations=111 (full 3):
 PSYoungGen      total 7168K, used 6880K [0x00000000d5580000, 0x00000000d5e80000, 0x0000000100000000)
  eden space 5120K, 100% used [0x00000000d5580000,0x00000000d5a80000,0x00000000d5a80000)
  from space 2048K, 85% used [0x00000000d5a80000,0x00000000d5c38010,0x00000000d5c80000)
  to   space 2048K, 0% used [0x00000000d5c80000,0x00000000d5c80000,0x00000000d5e80000)
 ParOldGen       total 119808K, used 119591K [0x0000000080000000, 0x0000000087500000, 0x00000000d5580000)
  object space 119808K, 99% used [0x0000000080000000,0x00000000874c9ce8,0x0000000087500000)
 Metaspace       used 60570K, committed 61952K, reserved 1114112K
  class space    used 6316K, committed 6912K, reserved 1048576K
}
Event: 16.924 GC heap after
{Heap after GC invocations=111 (full 3):
 PSYoungGen      total 7168K, used 1408K [0x00000000d5580000, 0x00000000d5e80000, 0x0000000100000000)
  eden space 5120K, 0% used [0x00000000d5580000,0x00000000d5580000,0x00000000d5a80000)
  from space 2048K, 68% used [0x00000000d5c80000,0x00000000d5de0000,0x00000000d5e80000)
  to   space 2048K, 0% used [0x00000000d5a80000,0x00000000d5a80000,0x00000000d5c80000)
 ParOldGen       total 121344K, used 121157K [0x0000000080000000, 0x0000000087680000, 0x00000000d5580000)
  object space 121344K, 99% used [0x0000000080000000,0x0000000087651790,0x0000000087680000)
 Metaspace       used 60570K, committed 61952K, reserved 1114112K
  class space    used 6316K, committed 6912K, reserved 1048576K
}
Event: 16.977 GC heap before
{Heap before GC invocations=112 (full 3):
 PSYoungGen      total 7168K, used 6528K [0x00000000d5580000, 0x00000000d5e80000, 0x0000000100000000)
  eden space 5120K, 100% used [0x00000000d5580000,0x00000000d5a80000,0x00000000d5a80000)
  from space 2048K, 68% used [0x00000000d5c80000,0x00000000d5de0000,0x00000000d5e80000)
  to   space 2048K, 0% used [0x00000000d5a80000,0x00000000d5a80000,0x00000000d5c80000)
 ParOldGen       total 121344K, used 121157K [0x0000000080000000, 0x0000000087680000, 0x00000000d5580000)
  object space 121344K, 99% used [0x0000000080000000,0x0000000087651790,0x0000000087680000)
 Metaspace       used 60571K, committed 61952K, reserved 1114112K
  class space    used 6316K, committed 6912K, reserved 1048576K
}
Event: 16.982 GC heap after
{Heap after GC invocations=112 (full 3):
 PSYoungGen      total 6144K, used 736K [0x00000000d5580000, 0x00000000d5d00000, 0x0000000100000000)
  eden space 5120K, 0% used [0x00000000d5580000,0x00000000d5580000,0x00000000d5a80000)
  from space 1024K, 71% used [0x00000000d5a80000,0x00000000d5b38020,0x00000000d5b80000)
  to   space 1024K, 0% used [0x00000000d5c00000,0x00000000d5c00000,0x00000000d5d00000)
 ParOldGen       total 122880K, used 122467K [0x0000000080000000, 0x0000000087800000, 0x00000000d5580000)
  object space 122880K, 99% used [0x0000000080000000,0x0000000087798c40,0x0000000087800000)
 Metaspace       used 60571K, committed 61952K, reserved 1114112K
  class space    used 6316K, committed 6912K, reserved 1048576K
}
Event: 17.037 GC heap before
{Heap before GC invocations=113 (full 3):
 PSYoungGen      total 6144K, used 5856K [0x00000000d5580000, 0x00000000d5d00000, 0x0000000100000000)
  eden space 5120K, 100% used [0x00000000d5580000,0x00000000d5a80000,0x00000000d5a80000)
  from space 1024K, 71% used [0x00000000d5a80000,0x00000000d5b38020,0x00000000d5b80000)
  to   space 1024K, 0% used [0x00000000d5c00000,0x00000000d5c00000,0x00000000d5d00000)
 ParOldGen       total 122880K, used 122467K [0x0000000080000000, 0x0000000087800000, 0x00000000d5580000)
  object space 122880K, 99% used [0x0000000080000000,0x0000000087798c40,0x0000000087800000)
 Metaspace       used 60616K, committed 62016K, reserved 1114112K
  class space    used 6317K, committed 6912K, reserved 1048576K
}
Event: 17.040 GC heap after
{Heap after GC invocations=113 (full 3):
 PSYoungGen      total 5632K, used 1024K [0x00000000d5580000, 0x00000000d5e80000, 0x0000000100000000)
  eden space 4608K, 0% used [0x00000000d5580000,0x00000000d5580000,0x00000000d5a00000)
  from space 1024K, 100% used [0x00000000d5c00000,0x00000000d5d00000,0x00000000d5d00000)
  to   space 2048K, 0% used [0x00000000d5a00000,0x00000000d5a00000,0x00000000d5c00000)
 ParOldGen       total 123392K, used 123116K [0x0000000080000000, 0x0000000087880000, 0x00000000d5580000)
  object space 123392K, 99% used [0x0000000080000000,0x000000008783b1c8,0x0000000087880000)
 Metaspace       used 60616K, committed 62016K, reserved 1114112K
  class space    used 6317K, committed 6912K, reserved 1048576K
}
Event: 17.131 GC heap before
{Heap before GC invocations=114 (full 3):
 PSYoungGen      total 5632K, used 5631K [0x00000000d5580000, 0x00000000d5e80000, 0x0000000100000000)
  eden space 4608K, 99% used [0x00000000d5580000,0x00000000d59ffff0,0x00000000d5a00000)
  from space 1024K, 100% used [0x00000000d5c00000,0x00000000d5d00000,0x00000000d5d00000)
  to   space 2048K, 0% used [0x00000000d5a00000,0x00000000d5a00000,0x00000000d5c00000)
 ParOldGen       total 123392K, used 123116K [0x0000000080000000, 0x0000000087880000, 0x00000000d5580000)
  object space 123392K, 99% used [0x0000000080000000,0x000000008783b1c8,0x0000000087880000)
 Metaspace       used 60655K, committed 62016K, reserved 1114112K
  class space    used 6318K, committed 6912K, reserved 1048576K
}
Event: 17.135 GC heap after
{Heap after GC invocations=114 (full 3):
 PSYoungGen      total 5632K, used 864K [0x00000000d5580000, 0x00000000d5d00000, 0x0000000100000000)
  eden space 4608K, 0% used [0x00000000d5580000,0x00000000d5580000,0x00000000d5a00000)
  from space 1024K, 84% used [0x00000000d5a00000,0x00000000d5ad8000,0x00000000d5b00000)
  to   space 1536K, 0% used [0x00000000d5b80000,0x00000000d5b80000,0x00000000d5d00000)
 ParOldGen       total 124416K, used 124044K [0x0000000080000000, 0x0000000087980000, 0x00000000d5580000)
  object space 124416K, 99% used [0x0000000080000000,0x00000000879231f8,0x0000000087980000)
 Metaspace       used 60655K, committed 62016K, reserved 1114112K
  class space    used 6318K, committed 6912K, reserved 1048576K
}
Event: 17.208 GC heap before
{Heap before GC invocations=115 (full 3):
 PSYoungGen      total 5632K, used 5472K [0x00000000d5580000, 0x00000000d5d00000, 0x0000000100000000)
  eden space 4608K, 100% used [0x00000000d5580000,0x00000000d5a00000,0x00000000d5a00000)
  from space 1024K, 84% used [0x00000000d5a00000,0x00000000d5ad8000,0x00000000d5b00000)
  to   space 1536K, 0% used [0x00000000d5b80000,0x00000000d5b80000,0x00000000d5d00000)
 ParOldGen       total 124416K, used 124044K [0x0000000080000000, 0x0000000087980000, 0x00000000d5580000)
  object space 124416K, 99% used [0x0000000080000000,0x00000000879231f8,0x0000000087980000)
 Metaspace       used 60794K, committed 62208K, reserved 1114112K
  class space    used 6331K, committed 6976K, reserved 1048576K
}
Event: 17.211 GC heap after
{Heap after GC invocations=115 (full 3):
 PSYoungGen      total 5632K, used 678K [0x00000000d5580000, 0x00000000d5c80000, 0x0000000100000000)
  eden space 4608K, 0% used [0x00000000d5580000,0x00000000d5580000,0x00000000d5a00000)
  from space 1024K, 66% used [0x00000000d5b80000,0x00000000d5c29b48,0x00000000d5c80000)
  to   space 1024K, 0% used [0x00000000d5a00000,0x00000000d5a00000,0x00000000d5b00000)
 ParOldGen       total 124928K, used 124665K [0x0000000080000000, 0x0000000087a00000, 0x00000000d5580000)
  object space 124928K, 99% used [0x0000000080000000,0x00000000879be638,0x0000000087a00000)
 Metaspace       used 60794K, committed 62208K, reserved 1114112K
  class space    used 6331K, committed 6976K, reserved 1048576K
}
Event: 17.243 GC heap before
{Heap before GC invocations=116 (full 3):
 PSYoungGen      total 5632K, used 5286K [0x00000000d5580000, 0x00000000d5c80000, 0x0000000100000000)
  eden space 4608K, 100% used [0x00000000d5580000,0x00000000d5a00000,0x00000000d5a00000)
  from space 1024K, 66% used [0x00000000d5b80000,0x00000000d5c29b48,0x00000000d5c80000)
  to   space 1024K, 0% used [0x00000000d5a00000,0x00000000d5a00000,0x00000000d5b00000)
 ParOldGen       total 124928K, used 124665K [0x0000000080000000, 0x0000000087a00000, 0x00000000d5580000)
  object space 124928K, 99% used [0x0000000080000000,0x00000000879be638,0x0000000087a00000)
 Metaspace       used 60794K, committed 62208K, reserved 1114112K
  class space    used 6331K, committed 6976K, reserved 1048576K
}
Event: 17.245 GC heap after
{Heap after GC invocations=116 (full 3):
 PSYoungGen      total 5632K, used 381K [0x00000000d5580000, 0x00000000d5c00000, 0x0000000100000000)
  eden space 4608K, 0% used [0x00000000d5580000,0x00000000d5580000,0x00000000d5a00000)
  from space 1024K, 37% used [0x00000000d5a00000,0x00000000d5a5f600,0x00000000d5b00000)
  to   space 512K, 0% used [0x00000000d5b80000,0x00000000d5b80000,0x00000000d5c00000)
 ParOldGen       total 125440K, used 125085K [0x0000000080000000, 0x0000000087a80000, 0x00000000d5580000)
  object space 125440K, 99% used [0x0000000080000000,0x0000000087a27500,0x0000000087a80000)
 Metaspace       used 60794K, committed 62208K, reserved 1114112K
  class space    used 6331K, committed 6976K, reserved 1048576K
}
Event: 17.300 GC heap before
{Heap before GC invocations=117 (full 3):
 PSYoungGen      total 5632K, used 4989K [0x00000000d5580000, 0x00000000d5c00000, 0x0000000100000000)
  eden space 4608K, 100% used [0x00000000d5580000,0x00000000d5a00000,0x00000000d5a00000)
  from space 1024K, 37% used [0x00000000d5a00000,0x00000000d5a5f600,0x00000000d5b00000)
  to   space 512K, 0% used [0x00000000d5b80000,0x00000000d5b80000,0x00000000d5c00000)
 ParOldGen       total 125440K, used 125085K [0x0000000080000000, 0x0000000087a80000, 0x00000000d5580000)
  object space 125440K, 99% used [0x0000000080000000,0x0000000087a27500,0x0000000087a80000)
 Metaspace       used 60829K, committed 62272K, reserved 1114112K
  class space    used 6331K, committed 6976K, reserved 1048576K
}
Event: 17.302 GC heap after
{Heap after GC invocations=117 (full 3):
 PSYoungGen      total 5120K, used 256K [0x00000000d5580000, 0x00000000d5c00000, 0x0000000100000000)
  eden space 4608K, 0% used [0x00000000d5580000,0x00000000d5580000,0x00000000d5a00000)
  from space 512K, 50% used [0x00000000d5b80000,0x00000000d5bc0000,0x00000000d5c00000)
  to   space 512K, 0% used [0x00000000d5b00000,0x00000000d5b00000,0x00000000d5b80000)
 ParOldGen       total 125440K, used 125213K [0x0000000080000000, 0x0000000087a80000, 0x00000000d5580000)
  object space 125440K, 99% used [0x0000000080000000,0x0000000087a47500,0x0000000087a80000)
 Metaspace       used 60829K, committed 62272K, reserved 1114112K
  class space    used 6331K, committed 6976K, reserved 1048576K
}
Event: 17.402 GC heap before
{Heap before GC invocations=118 (full 3):
 PSYoungGen      total 5120K, used 4864K [0x00000000d5580000, 0x00000000d5c00000, 0x0000000100000000)
  eden space 4608K, 100% used [0x00000000d5580000,0x00000000d5a00000,0x00000000d5a00000)
  from space 512K, 50% used [0x00000000d5b80000,0x00000000d5bc0000,0x00000000d5c00000)
  to   space 512K, 0% used [0x00000000d5b00000,0x00000000d5b00000,0x00000000d5b80000)
 ParOldGen       total 125440K, used 125213K [0x0000000080000000, 0x0000000087a80000, 0x00000000d5580000)
  object space 125440K, 99% used [0x0000000080000000,0x0000000087a47500,0x0000000087a80000)
 Metaspace       used 60931K, committed 62336K, reserved 1114112K
  class space    used 6345K, committed 6976K, reserved 1048576K
}
Event: 17.403 GC heap after
{Heap after GC invocations=118 (full 3):
 PSYoungGen      total 5120K, used 512K [0x00000000d5580000, 0x00000000d5c00000, 0x0000000100000000)
  eden space 4608K, 0% used [0x00000000d5580000,0x00000000d5580000,0x00000000d5a00000)
  from space 512K, 100% used [0x00000000d5b00000,0x00000000d5b80000,0x00000000d5b80000)
  to   space 512K, 0% used [0x00000000d5b80000,0x00000000d5b80000,0x00000000d5c00000)
 ParOldGen       total 125440K, used 125365K [0x0000000080000000, 0x0000000087a80000, 0x00000000d5580000)
  object space 125440K, 99% used [0x0000000080000000,0x0000000087a6d500,0x0000000087a80000)
 Metaspace       used 60931K, committed 62336K, reserved 1114112K
  class space    used 6345K, committed 6976K, reserved 1048576K
}

