# JRE version: OpenJDK Runtime Environment Temurin-21.0.8+9 (21.0.8+9) (build 21.0.8+9-LTS)
# Java VM: OpenJDK 64-Bit Server VM Temurin-21.0.8+9 (21.0.8+9-LTS, mixed mode, sharing, tiered, compressed oops, compressed class ptrs, parallel gc, windows-amd64)
GC Precious Log:
 CardTable entry size: 512
 CPUs: 12 total, 12 available
 Memory: 7560M
 Large Page Support: Disabled
 NUMA Support: Disabled
 Compressed Oops: Enabled (32-bit)
 Alignments: Space 512K, Generation 512K, Heap 2M
 Heap Min Capacity: 100M
 Heap Initial Capacity: 100M
 Heap Max Capacity: 2G
 Pre-touch: Disabled
 Parallel Workers: 10
Heap:
 PSYoungGen      total 12288K, used 3869K [0x00000000d5580000, 0x00000000d6880000, 0x0000000100000000)
  eden space 10752K, 21% used [0x00000000d5580000,0x00000000d57cb6b8,0x00000000d6000000)
  from space 1536K, 98% used [0x00000000d6380000,0x00000000d64fc010,0x00000000d6500000)
  to   space 3584K, 0% used [0x00000000d6000000,0x00000000d6000000,0x00000000d6380000)
 ParOldGen       total 111104K, used 110875K [0x0000000080000000, 0x0000000086c80000, 0x00000000d5580000)
  object space 111104K, 99% used [0x0000000080000000,0x0000000086c46cf8,0x0000000086c80000)
 Metaspace       used 61609K, committed 63040K, reserved 1114112K
  class space    used 6340K, committed 7040K, reserved 1048576K
GC Heap History (20 events):
Event: 25.501 GC heap before
{Heap before GC invocations=82 (full 3):
 PSYoungGen      total 12288K, used 12279K [0x00000000d5580000, 0x00000000d6d00000, 0x0000000100000000)
  eden space 10240K, 100% used [0x00000000d5580000,0x00000000d5f80000,0x00000000d5f80000)
  from space 2048K, 99% used [0x00000000d6500000,0x00000000d66fdd60,0x00000000d6700000)
  to   space 5632K, 0% used [0x00000000d5f80000,0x00000000d5f80000,0x00000000d6500000)
 ParOldGen       total 94208K, used 93814K [0x0000000080000000, 0x0000000085c00000, 0x00000000d5580000)
  object space 94208K, 99% used [0x0000000080000000,0x0000000085b9d8d0,0x0000000085c00000)
 Metaspace       used 60810K, committed 62208K, reserved 1114112K
  class space    used 6292K, committed 6976K, reserved 1048576K
}
Event: 25.505 GC heap after
{Heap after GC invocations=82 (full 3):
 PSYoungGen      total 12288K, used 1597K [0x00000000d5580000, 0x00000000d6580000, 0x0000000100000000)
  eden space 10240K, 0% used [0x00000000d5580000,0x00000000d5580000,0x00000000d5f80000)
  from space 2048K, 78% used [0x00000000d5f80000,0x00000000d610f7e8,0x00000000d6180000)
  to   space 3072K, 0% used [0x00000000d6280000,0x00000000d6280000,0x00000000d6580000)
 ParOldGen       total 96256K, used 95832K [0x0000000080000000, 0x0000000085e00000, 0x00000000d5580000)
  object space 96256K, 99% used [0x0000000080000000,0x0000000085d96128,0x0000000085e00000)
 Metaspace       used 60810K, committed 62208K, reserved 1114112K
  class space    used 6292K, committed 6976K, reserved 1048576K
}
Event: 25.663 GC heap before
{Heap before GC invocations=83 (full 3):
 PSYoungGen      total 12288K, used 11837K [0x00000000d5580000, 0x00000000d6580000, 0x0000000100000000)
  eden space 10240K, 100% used [0x00000000d5580000,0x00000000d5f80000,0x00000000d5f80000)
  from space 2048K, 78% used [0x00000000d5f80000,0x00000000d610f7e8,0x00000000d6180000)
  to   space 3072K, 0% used [0x00000000d6280000,0x00000000d6280000,0x00000000d6580000)
 ParOldGen       total 96256K, used 95832K [0x0000000080000000, 0x0000000085e00000, 0x00000000d5580000)
  object space 96256K, 99% used [0x0000000080000000,0x0000000085d96128,0x0000000085e00000)
 Metaspace       used 60888K, committed 62272K, reserved 1114112K
  class space    used 6296K, committed 6976K, reserved 1048576K
}
Event: 25.668 GC heap after
{Heap after GC invocations=83 (full 3):
 PSYoungGen      total 13312K, used 2393K [0x00000000d5580000, 0x00000000d6580000, 0x0000000100000000)
  eden space 10240K, 0% used [0x00000000d5580000,0x00000000d5580000,0x00000000d5f80000)
  from space 3072K, 77% used [0x00000000d6280000,0x00000000d64d64c0,0x00000000d6580000)
  to   space 3072K, 0% used [0x00000000d5f80000,0x00000000d5f80000,0x00000000d6280000)
 ParOldGen       total 97280K, used 97077K [0x0000000080000000, 0x0000000085f00000, 0x00000000d5580000)
  object space 97280K, 99% used [0x0000000080000000,0x0000000085ecd520,0x0000000085f00000)
 Metaspace       used 60888K, committed 62272K, reserved 1114112K
  class space    used 6296K, committed 6976K, reserved 1048576K
}
Event: 25.861 GC heap before
{Heap before GC invocations=84 (full 3):
 PSYoungGen      total 13312K, used 12633K [0x00000000d5580000, 0x00000000d6580000, 0x0000000100000000)
  eden space 10240K, 100% used [0x00000000d5580000,0x00000000d5f80000,0x00000000d5f80000)
  from space 3072K, 77% used [0x00000000d6280000,0x00000000d64d64c0,0x00000000d6580000)
  to   space 3072K, 0% used [0x00000000d5f80000,0x00000000d5f80000,0x00000000d6280000)
 ParOldGen       total 97280K, used 97077K [0x0000000080000000, 0x0000000085f00000, 0x00000000d5580000)
  object space 97280K, 99% used [0x0000000080000000,0x0000000085ecd520,0x0000000085f00000)
 Metaspace       used 61042K, committed 62528K, reserved 1114112K
  class space    used 6297K, committed 6976K, reserved 1048576K
}
Event: 25.866 GC heap after
{Heap after GC invocations=84 (full 3):
 PSYoungGen      total 12800K, used 2085K [0x00000000d5580000, 0x00000000d6480000, 0x0000000100000000)
  eden space 10240K, 0% used [0x00000000d5580000,0x00000000d5580000,0x00000000d5f80000)
  from space 2560K, 81% used [0x00000000d5f80000,0x00000000d6189618,0x00000000d6200000)
  to   space 2560K, 0% used [0x00000000d6200000,0x00000000d6200000,0x00000000d6480000)
 ParOldGen       total 99328K, used 99286K [0x0000000080000000, 0x0000000086100000, 0x00000000d5580000)
  object space 99328K, 99% used [0x0000000080000000,0x00000000860f5850,0x0000000086100000)
 Metaspace       used 61042K, committed 62528K, reserved 1114112K
  class space    used 6297K, committed 6976K, reserved 1048576K
}
Event: 26.167 GC heap before
{Heap before GC invocations=85 (full 3):
 PSYoungGen      total 12800K, used 12325K [0x00000000d5580000, 0x00000000d6480000, 0x0000000100000000)
  eden space 10240K, 99% used [0x00000000d5580000,0x00000000d5f7ffe0,0x00000000d5f80000)
  from space 2560K, 81% used [0x00000000d5f80000,0x00000000d6189618,0x00000000d6200000)
  to   space 2560K, 0% used [0x00000000d6200000,0x00000000d6200000,0x00000000d6480000)
 ParOldGen       total 99328K, used 99286K [0x0000000080000000, 0x0000000086100000, 0x00000000d5580000)
  object space 99328K, 99% used [0x0000000080000000,0x00000000860f5850,0x0000000086100000)
 Metaspace       used 61225K, committed 62656K, reserved 1114112K
  class space    used 6305K, committed 6976K, reserved 1048576K
}
Event: 26.171 GC heap after
{Heap after GC invocations=85 (full 3):
 PSYoungGen      total 12288K, used 1536K [0x00000000d5580000, 0x00000000d6400000, 0x0000000100000000)
  eden space 10240K, 0% used [0x00000000d5580000,0x00000000d5580000,0x00000000d5f80000)
  from space 2048K, 75% used [0x00000000d6200000,0x00000000d6380310,0x00000000d6400000)
  to   space 2048K, 0% used [0x00000000d6000000,0x00000000d6000000,0x00000000d6200000)
 ParOldGen       total 101376K, used 101290K [0x0000000080000000, 0x0000000086300000, 0x00000000d5580000)
  object space 101376K, 99% used [0x0000000080000000,0x00000000862eaba8,0x0000000086300000)
 Metaspace       used 61225K, committed 62656K, reserved 1114112K
  class space    used 6305K, committed 6976K, reserved 1048576K
}
Event: 26.335 GC heap before
{Heap before GC invocations=86 (full 3):
 PSYoungGen      total 12288K, used 11776K [0x00000000d5580000, 0x00000000d6400000, 0x0000000100000000)
  eden space 10240K, 100% used [0x00000000d5580000,0x00000000d5f80000,0x00000000d5f80000)
  from space 2048K, 75% used [0x00000000d6200000,0x00000000d6380310,0x00000000d6400000)
  to   space 2048K, 0% used [0x00000000d6000000,0x00000000d6000000,0x00000000d6200000)
 ParOldGen       total 101376K, used 101290K [0x0000000080000000, 0x0000000086300000, 0x00000000d5580000)
  object space 101376K, 99% used [0x0000000080000000,0x00000000862eaba8,0x0000000086300000)
 Metaspace       used 61236K, committed 62656K, reserved 1114112K
  class space    used 6306K, committed 6976K, reserved 1048576K
}
Event: 26.341 GC heap after
{Heap after GC invocations=86 (full 3):
 PSYoungGen      total 12288K, used 2016K [0x00000000d5580000, 0x00000000d6980000, 0x0000000100000000)
  eden space 10240K, 0% used [0x00000000d5580000,0x00000000d5580000,0x00000000d5f80000)
  from space 2048K, 98% used [0x00000000d6000000,0x00000000d61f8010,0x00000000d6200000)
  to   space 5120K, 0% used [0x00000000d6480000,0x00000000d6480000,0x00000000d6980000)
 ParOldGen       total 103936K, used 103593K [0x0000000080000000, 0x0000000086580000, 0x00000000d5580000)
  object space 103936K, 99% used [0x0000000080000000,0x000000008652a468,0x0000000086580000)
 Metaspace       used 61236K, committed 62656K, reserved 1114112K
  class space    used 6306K, committed 6976K, reserved 1048576K
}
Event: 26.437 GC heap before
{Heap before GC invocations=87 (full 3):
 PSYoungGen      total 12288K, used 12256K [0x00000000d5580000, 0x00000000d6980000, 0x0000000100000000)
  eden space 10240K, 100% used [0x00000000d5580000,0x00000000d5f80000,0x00000000d5f80000)
  from space 2048K, 98% used [0x00000000d6000000,0x00000000d61f8010,0x00000000d6200000)
  to   space 5120K, 0% used [0x00000000d6480000,0x00000000d6480000,0x00000000d6980000)
 ParOldGen       total 103936K, used 103593K [0x0000000080000000, 0x0000000086580000, 0x00000000d5580000)
  object space 103936K, 99% used [0x0000000080000000,0x000000008652a468,0x0000000086580000)
 Metaspace       used 61333K, committed 62784K, reserved 1114112K
  class space    used 6315K, committed 6976K, reserved 1048576K
}
Event: 26.441 GC heap after
{Heap after GC invocations=87 (full 3):
 PSYoungGen      total 11776K, used 1136K [0x00000000d5580000, 0x00000000d6600000, 0x0000000100000000)
  eden space 10240K, 0% used [0x00000000d5580000,0x00000000d5580000,0x00000000d5f80000)
  from space 1536K, 73% used [0x00000000d6480000,0x00000000d659c010,0x00000000d6600000)
  to   space 2560K, 0% used [0x00000000d6100000,0x00000000d6100000,0x00000000d6380000)
 ParOldGen       total 105984K, used 105616K [0x0000000080000000, 0x0000000086780000, 0x00000000d5580000)
  object space 105984K, 99% used [0x0000000080000000,0x00000000867240a8,0x0000000086780000)
 Metaspace       used 61333K, committed 62784K, reserved 1114112K
  class space    used 6315K, committed 6976K, reserved 1048576K
}
Event: 26.476 GC heap before
{Heap before GC invocations=88 (full 3):
 PSYoungGen      total 11776K, used 11376K [0x00000000d5580000, 0x00000000d6600000, 0x0000000100000000)
  eden space 10240K, 100% used [0x00000000d5580000,0x00000000d5f80000,0x00000000d5f80000)
  from space 1536K, 73% used [0x00000000d6480000,0x00000000d659c010,0x00000000d6600000)
  to   space 2560K, 0% used [0x00000000d6100000,0x00000000d6100000,0x00000000d6380000)
 ParOldGen       total 105984K, used 105616K [0x0000000080000000, 0x0000000086780000, 0x00000000d5580000)
  object space 105984K, 99% used [0x0000000080000000,0x00000000867240a8,0x0000000086780000)
 Metaspace       used 61337K, committed 62784K, reserved 1114112K
  class space    used 6315K, committed 6976K, reserved 1048576K
}
Event: 26.478 GC heap after
{Heap after GC invocations=88 (full 3):
 PSYoungGen      total 12800K, used 861K [0x00000000d5580000, 0x00000000d6500000, 0x0000000100000000)
  eden space 10240K, 0% used [0x00000000d5580000,0x00000000d5580000,0x00000000d5f80000)
  from space 2560K, 33% used [0x00000000d6100000,0x00000000d61d7620,0x00000000d6380000)
  to   space 1536K, 0% used [0x00000000d6380000,0x00000000d6380000,0x00000000d6500000)
 ParOldGen       total 107008K, used 106590K [0x0000000080000000, 0x0000000086880000, 0x00000000d5580000)
  object space 107008K, 99% used [0x0000000080000000,0x0000000086817ab8,0x0000000086880000)
 Metaspace       used 61337K, committed 62784K, reserved 1114112K
  class space    used 6315K, committed 6976K, reserved 1048576K
}
Event: 26.572 GC heap before
{Heap before GC invocations=89 (full 3):
 PSYoungGen      total 12800K, used 11101K [0x00000000d5580000, 0x00000000d6500000, 0x0000000100000000)
  eden space 10240K, 100% used [0x00000000d5580000,0x00000000d5f80000,0x00000000d5f80000)
  from space 2560K, 33% used [0x00000000d6100000,0x00000000d61d7620,0x00000000d6380000)
  to   space 1536K, 0% used [0x00000000d6380000,0x00000000d6380000,0x00000000d6500000)
 ParOldGen       total 107008K, used 106590K [0x0000000080000000, 0x0000000086880000, 0x00000000d5580000)
  object space 107008K, 99% used [0x0000000080000000,0x0000000086817ab8,0x0000000086880000)
 Metaspace       used 61378K, committed 62784K, reserved 1114112K
  class space    used 6315K, committed 6976K, reserved 1048576K
}
Event: 27.548 GC heap after
{Heap after GC invocations=89 (full 3):
 PSYoungGen      total 13824K, used 1326K [0x00000000d5580000, 0x00000000d6500000, 0x0000000100000000)
  eden space 12288K, 0% used [0x00000000d5580000,0x00000000d5580000,0x00000000d6180000)
  from space 1536K, 86% used [0x00000000d6380000,0x00000000d64cba50,0x00000000d6500000)
  to   space 1536K, 0% used [0x00000000d6200000,0x00000000d6200000,0x00000000d6380000)
 ParOldGen       total 107520K, used 107214K [0x0000000080000000, 0x0000000086900000, 0x00000000d5580000)
  object space 107520K, 99% used [0x0000000080000000,0x00000000868b3af8,0x0000000086900000)
 Metaspace       used 61378K, committed 62784K, reserved 1114112K
  class space    used 6315K, committed 6976K, reserved 1048576K
}
Event: 27.694 GC heap before
{Heap before GC invocations=90 (full 3):
 PSYoungGen      total 13824K, used 13614K [0x00000000d5580000, 0x00000000d6500000, 0x0000000100000000)
  eden space 12288K, 100% used [0x00000000d5580000,0x00000000d6180000,0x00000000d6180000)
  from space 1536K, 86% used [0x00000000d6380000,0x00000000d64cba50,0x00000000d6500000)
  to   space 1536K, 0% used [0x00000000d6200000,0x00000000d6200000,0x00000000d6380000)
 ParOldGen       total 107520K, used 107214K [0x0000000080000000, 0x0000000086900000, 0x00000000d5580000)
  object space 107520K, 99% used [0x0000000080000000,0x00000000868b3af8,0x0000000086900000)
 Metaspace       used 61442K, committed 62912K, reserved 1114112K
  class space    used 6329K, committed 7040K, reserved 1048576K
}
Event: 29.711 GC heap after
{Heap after GC invocations=90 (full 3):
 PSYoungGen      total 13824K, used 1504K [0x00000000d5580000, 0x00000000d6500000, 0x0000000100000000)
  eden space 12288K, 0% used [0x00000000d5580000,0x00000000d5580000,0x00000000d6180000)
  from space 1536K, 97% used [0x00000000d6200000,0x00000000d6378010,0x00000000d6380000)
  to   space 1536K, 0% used [0x00000000d6380000,0x00000000d6380000,0x00000000d6500000)
 ParOldGen       total 109568K, used 109328K [0x0000000080000000, 0x0000000086b00000, 0x00000000d5580000)
  object space 109568K, 99% used [0x0000000080000000,0x0000000086ac4220,0x0000000086b00000)
 Metaspace       used 61442K, committed 62912K, reserved 1114112K
  class space    used 6329K, committed 7040K, reserved 1048576K
}
Event: 29.812 GC heap before
{Heap before GC invocations=91 (full 3):
 PSYoungGen      total 13824K, used 13792K [0x00000000d5580000, 0x00000000d6500000, 0x0000000100000000)
  eden space 12288K, 100% used [0x00000000d5580000,0x00000000d6180000,0x00000000d6180000)
  from space 1536K, 97% used [0x00000000d6200000,0x00000000d6378010,0x00000000d6380000)
  to   space 1536K, 0% used [0x00000000d6380000,0x00000000d6380000,0x00000000d6500000)
 ParOldGen       total 109568K, used 109328K [0x0000000080000000, 0x0000000086b00000, 0x00000000d5580000)
  object space 109568K, 99% used [0x0000000080000000,0x0000000086ac4220,0x0000000086b00000)
 Metaspace       used 61531K, committed 62976K, reserved 1114112K
  class space    used 6335K, committed 7040K, reserved 1048576K
}
Event: 29.815 GC heap after
{Heap after GC invocations=91 (full 3):
 PSYoungGen      total 12288K, used 1520K [0x00000000d5580000, 0x00000000d6880000, 0x0000000100000000)
  eden space 10752K, 0% used [0x00000000d5580000,0x00000000d5580000,0x00000000d6000000)
  from space 1536K, 98% used [0x00000000d6380000,0x00000000d64fc010,0x00000000d6500000)
  to   space 3584K, 0% used [0x00000000d6000000,0x00000000d6000000,0x00000000d6380000)
 ParOldGen       total 111104K, used 110875K [0x0000000080000000, 0x0000000086c80000, 0x00000000d5580000)
  object space 111104K, 99% used [0x0000000080000000,0x0000000086c46cf8,0x0000000086c80000)
 Metaspace       used 61531K, committed 62976K, reserved 1114112K
  class space    used 6335K, committed 7040K, reserved 1048576K
}

