# JRE version: OpenJDK Runtime Environment Temurin-21.0.8+9 (21.0.8+9) (build 21.0.8+9-LTS)
# Java VM: OpenJDK 64-Bit Server VM Temurin-21.0.8+9 (21.0.8+9-LTS, mixed mode, sharing, tiered, compressed oops, compressed class ptrs, parallel gc, windows-amd64)
GC Precious Log:
 CardTable entry size: 512
 CPUs: 12 total, 12 available
 Memory: 7560M
 Large Page Support: Disabled
 NUMA Support: Disabled
 Compressed Oops: Enabled (32-bit)
 Alignments: Space 512K, Generation 512K, Heap 2M
 Heap Min Capacity: 100M
 Heap Initial Capacity: 100M
 Heap Max Capacity: 2G
 Pre-touch: Disabled
 Parallel Workers: 10
Heap:
 PSYoungGen      total 5120K, used 4920K [0x00000000d5580000, 0x00000000d5b80000, 0x0000000100000000)
  eden space 4608K, 99% used [0x00000000d5580000,0x00000000d59fe250,0x00000000d5a00000)
  from space 512K, 62% used [0x00000000d5b00000,0x00000000d5b50000,0x00000000d5b80000)
  to   space 512K, 0% used [0x00000000d5a80000,0x00000000d5a80000,0x00000000d5b00000)
 ParOldGen       total 101376K, used 82354K [0x0000000080000000, 0x0000000086300000, 0x00000000d5580000)
  object space 101376K, 81% used [0x0000000080000000,0x000000008506c9e8,0x0000000086300000)
 Metaspace       used 69831K, committed 71488K, reserved 1114112K
  class space    used 7202K, committed 7936K, reserved 1048576K
GC Heap History (20 events):
Event: 36.887 GC heap before
{Heap before GC invocations=363 (full 4):
 PSYoungGen      total 5120K, used 4961K [0x00000000d5580000, 0x00000000d5b80000, 0x0000000100000000)
  eden space 4608K, 100% used [0x00000000d5580000,0x00000000d5a00000,0x00000000d5a00000)
  from space 512K, 69% used [0x00000000d5b00000,0x00000000d5b586a8,0x00000000d5b80000)
  to   space 512K, 0% used [0x00000000d5a80000,0x00000000d5a80000,0x00000000d5b00000)
 ParOldGen       total 101376K, used 81330K [0x0000000080000000, 0x0000000086300000, 0x00000000d5580000)
  object space 101376K, 80% used [0x0000000080000000,0x0000000084f6cb58,0x0000000086300000)
 Metaspace       used 69547K, committed 71168K, reserved 1114112K
  class space    used 7176K, committed 7872K, reserved 1048576K
}
Event: 36.889 GC heap after
{Heap after GC invocations=363 (full 4):
 PSYoungGen      total 5120K, used 288K [0x00000000d5580000, 0x00000000d5b80000, 0x0000000100000000)
  eden space 4608K, 0% used [0x00000000d5580000,0x00000000d5580000,0x00000000d5a00000)
  from space 512K, 56% used [0x00000000d5a80000,0x00000000d5ac8000,0x00000000d5b00000)
  to   space 512K, 0% used [0x00000000d5b00000,0x00000000d5b00000,0x00000000d5b80000)
 ParOldGen       total 101376K, used 81436K [0x0000000080000000, 0x0000000086300000, 0x00000000d5580000)
  object space 101376K, 80% used [0x0000000080000000,0x0000000084f87200,0x0000000086300000)
 Metaspace       used 69547K, committed 71168K, reserved 1114112K
  class space    used 7176K, committed 7872K, reserved 1048576K
}
Event: 36.938 GC heap before
{Heap before GC invocations=364 (full 4):
 PSYoungGen      total 5120K, used 4896K [0x00000000d5580000, 0x00000000d5b80000, 0x0000000100000000)
  eden space 4608K, 100% used [0x00000000d5580000,0x00000000d5a00000,0x00000000d5a00000)
  from space 512K, 56% used [0x00000000d5a80000,0x00000000d5ac8000,0x00000000d5b00000)
  to   space 512K, 0% used [0x00000000d5b00000,0x00000000d5b00000,0x00000000d5b80000)
 ParOldGen       total 101376K, used 81436K [0x0000000080000000, 0x0000000086300000, 0x00000000d5580000)
  object space 101376K, 80% used [0x0000000080000000,0x0000000084f87200,0x0000000086300000)
 Metaspace       used 69797K, committed 71424K, reserved 1114112K
  class space    used 7202K, committed 7936K, reserved 1048576K
}
Event: 36.940 GC heap after
{Heap after GC invocations=364 (full 4):
 PSYoungGen      total 5120K, used 320K [0x00000000d5580000, 0x00000000d5b80000, 0x0000000100000000)
  eden space 4608K, 0% used [0x00000000d5580000,0x00000000d5580000,0x00000000d5a00000)
  from space 512K, 62% used [0x00000000d5b00000,0x00000000d5b50000,0x00000000d5b80000)
  to   space 512K, 0% used [0x00000000d5a80000,0x00000000d5a80000,0x00000000d5b00000)
 ParOldGen       total 101376K, used 81460K [0x0000000080000000, 0x0000000086300000, 0x00000000d5580000)
  object space 101376K, 80% used [0x0000000080000000,0x0000000084f8d200,0x0000000086300000)
 Metaspace       used 69797K, committed 71424K, reserved 1114112K
  class space    used 7202K, committed 7936K, reserved 1048576K
}
Event: 36.961 GC heap before
{Heap before GC invocations=365 (full 4):
 PSYoungGen      total 5120K, used 4928K [0x00000000d5580000, 0x00000000d5b80000, 0x0000000100000000)
  eden space 4608K, 100% used [0x00000000d5580000,0x00000000d5a00000,0x00000000d5a00000)
  from space 512K, 62% used [0x00000000d5b00000,0x00000000d5b50000,0x00000000d5b80000)
  to   space 512K, 0% used [0x00000000d5a80000,0x00000000d5a80000,0x00000000d5b00000)
 ParOldGen       total 101376K, used 81460K [0x0000000080000000, 0x0000000086300000, 0x00000000d5580000)
  object space 101376K, 80% used [0x0000000080000000,0x0000000084f8d200,0x0000000086300000)
 Metaspace       used 69806K, committed 71424K, reserved 1114112K
  class space    used 7202K, committed 7936K, reserved 1048576K
}
Event: 36.962 GC heap after
{Heap after GC invocations=365 (full 4):
 PSYoungGen      total 5120K, used 320K [0x00000000d5580000, 0x00000000d5b80000, 0x0000000100000000)
  eden space 4608K, 0% used [0x00000000d5580000,0x00000000d5580000,0x00000000d5a00000)
  from space 512K, 62% used [0x00000000d5a80000,0x00000000d5ad0000,0x00000000d5b00000)
  to   space 512K, 0% used [0x00000000d5b00000,0x00000000d5b00000,0x00000000d5b80000)
 ParOldGen       total 101376K, used 81532K [0x0000000080000000, 0x0000000086300000, 0x00000000d5580000)
  object space 101376K, 80% used [0x0000000080000000,0x0000000084f9f200,0x0000000086300000)
 Metaspace       used 69806K, committed 71424K, reserved 1114112K
  class space    used 7202K, committed 7936K, reserved 1048576K
}
Event: 37.104 GC heap before
{Heap before GC invocations=366 (full 4):
 PSYoungGen      total 5120K, used 4928K [0x00000000d5580000, 0x00000000d5b80000, 0x0000000100000000)
  eden space 4608K, 100% used [0x00000000d5580000,0x00000000d5a00000,0x00000000d5a00000)
  from space 512K, 62% used [0x00000000d5a80000,0x00000000d5ad0000,0x00000000d5b00000)
  to   space 512K, 0% used [0x00000000d5b00000,0x00000000d5b00000,0x00000000d5b80000)
 ParOldGen       total 101376K, used 81532K [0x0000000080000000, 0x0000000086300000, 0x00000000d5580000)
  object space 101376K, 80% used [0x0000000080000000,0x0000000084f9f200,0x0000000086300000)
 Metaspace       used 69819K, committed 71424K, reserved 1114112K
  class space    used 7202K, committed 7936K, reserved 1048576K
}
Event: 37.105 GC heap after
{Heap after GC invocations=366 (full 4):
 PSYoungGen      total 5120K, used 512K [0x00000000d5580000, 0x00000000d5c00000, 0x0000000100000000)
  eden space 4608K, 0% used [0x00000000d5580000,0x00000000d5580000,0x00000000d5a00000)
  from space 512K, 100% used [0x00000000d5b00000,0x00000000d5b80000,0x00000000d5b80000)
  to   space 1024K, 0% used [0x00000000d5a00000,0x00000000d5a00000,0x00000000d5b00000)
 ParOldGen       total 101376K, used 81588K [0x0000000080000000, 0x0000000086300000, 0x00000000d5580000)
  object space 101376K, 80% used [0x0000000080000000,0x0000000084fad200,0x0000000086300000)
 Metaspace       used 69819K, committed 71424K, reserved 1114112K
  class space    used 7202K, committed 7936K, reserved 1048576K
}
Event: 37.122 GC heap before
{Heap before GC invocations=367 (full 4):
 PSYoungGen      total 5120K, used 5120K [0x00000000d5580000, 0x00000000d5c00000, 0x0000000100000000)
  eden space 4608K, 100% used [0x00000000d5580000,0x00000000d5a00000,0x00000000d5a00000)
  from space 512K, 100% used [0x00000000d5b00000,0x00000000d5b80000,0x00000000d5b80000)
  to   space 1024K, 0% used [0x00000000d5a00000,0x00000000d5a00000,0x00000000d5b00000)
 ParOldGen       total 101376K, used 81588K [0x0000000080000000, 0x0000000086300000, 0x00000000d5580000)
  object space 101376K, 80% used [0x0000000080000000,0x0000000084fad200,0x0000000086300000)
 Metaspace       used 69819K, committed 71424K, reserved 1114112K
  class space    used 7202K, committed 7936K, reserved 1048576K
}
Event: 37.123 GC heap after
{Heap after GC invocations=367 (full 4):
 PSYoungGen      total 5632K, used 649K [0x00000000d5580000, 0x00000000d5c00000, 0x0000000100000000)
  eden space 4608K, 0% used [0x00000000d5580000,0x00000000d5580000,0x00000000d5a00000)
  from space 1024K, 63% used [0x00000000d5a00000,0x00000000d5aa2560,0x00000000d5b00000)
  to   space 1024K, 0% used [0x00000000d5b00000,0x00000000d5b00000,0x00000000d5c00000)
 ParOldGen       total 101376K, used 82017K [0x0000000080000000, 0x0000000086300000, 0x00000000d5580000)
  object space 101376K, 80% used [0x0000000080000000,0x0000000085018488,0x0000000086300000)
 Metaspace       used 69819K, committed 71424K, reserved 1114112K
  class space    used 7202K, committed 7936K, reserved 1048576K
}
Event: 37.138 GC heap before
{Heap before GC invocations=368 (full 4):
 PSYoungGen      total 5632K, used 5257K [0x00000000d5580000, 0x00000000d5c00000, 0x0000000100000000)
  eden space 4608K, 100% used [0x00000000d5580000,0x00000000d5a00000,0x00000000d5a00000)
  from space 1024K, 63% used [0x00000000d5a00000,0x00000000d5aa2560,0x00000000d5b00000)
  to   space 1024K, 0% used [0x00000000d5b00000,0x00000000d5b00000,0x00000000d5c00000)
 ParOldGen       total 101376K, used 82017K [0x0000000080000000, 0x0000000086300000, 0x00000000d5580000)
  object space 101376K, 80% used [0x0000000080000000,0x0000000085018488,0x0000000086300000)
 Metaspace       used 69828K, committed 71488K, reserved 1114112K
  class space    used 7202K, committed 7936K, reserved 1048576K
}
Event: 37.139 GC heap after
{Heap after GC invocations=368 (full 4):
 PSYoungGen      total 5120K, used 256K [0x00000000d5580000, 0x00000000d5b80000, 0x0000000100000000)
  eden space 4608K, 0% used [0x00000000d5580000,0x00000000d5580000,0x00000000d5a00000)
  from space 512K, 50% used [0x00000000d5b00000,0x00000000d5b40000,0x00000000d5b80000)
  to   space 512K, 0% used [0x00000000d5a80000,0x00000000d5a80000,0x00000000d5b00000)
 ParOldGen       total 101376K, used 82218K [0x0000000080000000, 0x0000000086300000, 0x00000000d5580000)
  object space 101376K, 81% used [0x0000000080000000,0x000000008504a9e8,0x0000000086300000)
 Metaspace       used 69828K, committed 71488K, reserved 1114112K
  class space    used 7202K, committed 7936K, reserved 1048576K
}
Event: 37.154 GC heap before
{Heap before GC invocations=369 (full 4):
 PSYoungGen      total 5120K, used 4864K [0x00000000d5580000, 0x00000000d5b80000, 0x0000000100000000)
  eden space 4608K, 100% used [0x00000000d5580000,0x00000000d5a00000,0x00000000d5a00000)
  from space 512K, 50% used [0x00000000d5b00000,0x00000000d5b40000,0x00000000d5b80000)
  to   space 512K, 0% used [0x00000000d5a80000,0x00000000d5a80000,0x00000000d5b00000)
 ParOldGen       total 101376K, used 82218K [0x0000000080000000, 0x0000000086300000, 0x00000000d5580000)
  object space 101376K, 81% used [0x0000000080000000,0x000000008504a9e8,0x0000000086300000)
 Metaspace       used 69828K, committed 71488K, reserved 1114112K
  class space    used 7202K, committed 7936K, reserved 1048576K
}
Event: 37.155 GC heap after
{Heap after GC invocations=369 (full 4):
 PSYoungGen      total 5120K, used 352K [0x00000000d5580000, 0x00000000d5b80000, 0x0000000100000000)
  eden space 4608K, 0% used [0x00000000d5580000,0x00000000d5580000,0x00000000d5a00000)
  from space 512K, 68% used [0x00000000d5a80000,0x00000000d5ad8000,0x00000000d5b00000)
  to   space 512K, 0% used [0x00000000d5b00000,0x00000000d5b00000,0x00000000d5b80000)
 ParOldGen       total 101376K, used 82258K [0x0000000080000000, 0x0000000086300000, 0x00000000d5580000)
  object space 101376K, 81% used [0x0000000080000000,0x00000000850549e8,0x0000000086300000)
 Metaspace       used 69828K, committed 71488K, reserved 1114112K
  class space    used 7202K, committed 7936K, reserved 1048576K
}
Event: 37.165 GC heap before
{Heap before GC invocations=370 (full 4):
 PSYoungGen      total 5120K, used 4960K [0x00000000d5580000, 0x00000000d5b80000, 0x0000000100000000)
  eden space 4608K, 100% used [0x00000000d5580000,0x00000000d5a00000,0x00000000d5a00000)
  from space 512K, 68% used [0x00000000d5a80000,0x00000000d5ad8000,0x00000000d5b00000)
  to   space 512K, 0% used [0x00000000d5b00000,0x00000000d5b00000,0x00000000d5b80000)
 ParOldGen       total 101376K, used 82258K [0x0000000080000000, 0x0000000086300000, 0x00000000d5580000)
  object space 101376K, 81% used [0x0000000080000000,0x00000000850549e8,0x0000000086300000)
 Metaspace       used 69828K, committed 71488K, reserved 1114112K
  class space    used 7202K, committed 7936K, reserved 1048576K
}
Event: 37.166 GC heap after
{Heap after GC invocations=370 (full 4):
 PSYoungGen      total 5120K, used 512K [0x00000000d5580000, 0x00000000d5c00000, 0x0000000100000000)
  eden space 4608K, 0% used [0x00000000d5580000,0x00000000d5580000,0x00000000d5a00000)
  from space 512K, 100% used [0x00000000d5b00000,0x00000000d5b80000,0x00000000d5b80000)
  to   space 1024K, 0% used [0x00000000d5a00000,0x00000000d5a00000,0x00000000d5b00000)
 ParOldGen       total 101376K, used 82290K [0x0000000080000000, 0x0000000086300000, 0x00000000d5580000)
  object space 101376K, 81% used [0x0000000080000000,0x000000008505c9e8,0x0000000086300000)
 Metaspace       used 69828K, committed 71488K, reserved 1114112K
  class space    used 7202K, committed 7936K, reserved 1048576K
}
Event: 37.176 GC heap before
{Heap before GC invocations=371 (full 4):
 PSYoungGen      total 5120K, used 5120K [0x00000000d5580000, 0x00000000d5c00000, 0x0000000100000000)
  eden space 4608K, 100% used [0x00000000d5580000,0x00000000d5a00000,0x00000000d5a00000)
  from space 512K, 100% used [0x00000000d5b00000,0x00000000d5b80000,0x00000000d5b80000)
  to   space 1024K, 0% used [0x00000000d5a00000,0x00000000d5a00000,0x00000000d5b00000)
 ParOldGen       total 101376K, used 82290K [0x0000000080000000, 0x0000000086300000, 0x00000000d5580000)
  object space 101376K, 81% used [0x0000000080000000,0x000000008505c9e8,0x0000000086300000)
 Metaspace       used 69830K, committed 71488K, reserved 1114112K
  class space    used 7202K, committed 7936K, reserved 1048576K
}
Event: 37.177 GC heap after
{Heap after GC invocations=371 (full 4):
 PSYoungGen      total 5632K, used 512K [0x00000000d5580000, 0x00000000d5c00000, 0x0000000100000000)
  eden space 4608K, 0% used [0x00000000d5580000,0x00000000d5580000,0x00000000d5a00000)
  from space 1024K, 50% used [0x00000000d5a00000,0x00000000d5a80000,0x00000000d5b00000)
  to   space 1024K, 0% used [0x00000000d5b00000,0x00000000d5b00000,0x00000000d5c00000)
 ParOldGen       total 101376K, used 82306K [0x0000000080000000, 0x0000000086300000, 0x00000000d5580000)
  object space 101376K, 81% used [0x0000000080000000,0x00000000850609e8,0x0000000086300000)
 Metaspace       used 69830K, committed 71488K, reserved 1114112K
  class space    used 7202K, committed 7936K, reserved 1048576K
}
Event: 37.189 GC heap before
{Heap before GC invocations=372 (full 4):
 PSYoungGen      total 5632K, used 5120K [0x00000000d5580000, 0x00000000d5c00000, 0x0000000100000000)
  eden space 4608K, 100% used [0x00000000d5580000,0x00000000d5a00000,0x00000000d5a00000)
  from space 1024K, 50% used [0x00000000d5a00000,0x00000000d5a80000,0x00000000d5b00000)
  to   space 1024K, 0% used [0x00000000d5b00000,0x00000000d5b00000,0x00000000d5c00000)
 ParOldGen       total 101376K, used 82306K [0x0000000080000000, 0x0000000086300000, 0x00000000d5580000)
  object space 101376K, 81% used [0x0000000080000000,0x00000000850609e8,0x0000000086300000)
 Metaspace       used 69831K, committed 71488K, reserved 1114112K
  class space    used 7202K, committed 7936K, reserved 1048576K
}
Event: 37.189 GC heap after
{Heap after GC invocations=372 (full 4):
 PSYoungGen      total 5120K, used 320K [0x00000000d5580000, 0x00000000d5b80000, 0x0000000100000000)
  eden space 4608K, 0% used [0x00000000d5580000,0x00000000d5580000,0x00000000d5a00000)
  from space 512K, 62% used [0x00000000d5b00000,0x00000000d5b50000,0x00000000d5b80000)
  to   space 512K, 0% used [0x00000000d5a80000,0x00000000d5a80000,0x00000000d5b00000)
 ParOldGen       total 101376K, used 82354K [0x0000000080000000, 0x0000000086300000, 0x00000000d5580000)
  object space 101376K, 81% used [0x0000000080000000,0x000000008506c9e8,0x0000000086300000)
 Metaspace       used 69831K, committed 71488K, reserved 1114112K
  class space    used 7202K, committed 7936K, reserved 1048576K
}

