# JRE version: OpenJDK Runtime Environment Temurin-21.0.8+9 (21.0.8+9) (build 21.0.8+9-LTS)
# Java VM: OpenJDK 64-Bit Server VM Temurin-21.0.8+9 (21.0.8+9-LTS, mixed mode, sharing, tiered, compressed oops, compressed class ptrs, parallel gc, windows-amd64)
GC Precious Log:
 CardTable entry size: 512
 CPUs: 12 total, 12 available
 Memory: 7560M
 Large Page Support: Disabled
 NUMA Support: Disabled
 Compressed Oops: Enabled (32-bit)
 Alignments: Space 512K, Generation 512K, Heap 2M
 Heap Min Capacity: 100M
 Heap Initial Capacity: 100M
 Heap Max Capacity: 2G
 Pre-touch: Disabled
 Parallel Workers: 10
Heap:
 PSYoungGen      total 4096K, used 2827K [0x00000000d5580000, 0x00000000d5b80000, 0x0000000100000000)
  eden space 2560K, 68% used [0x00000000d5580000,0x00000000d57367a8,0x00000000d5800000)
  from space 1536K, 69% used [0x00000000d5880000,0x00000000d598c808,0x00000000d5a00000)
  to   space 1536K, 0% used [0x00000000d5a00000,0x00000000d5a00000,0x00000000d5b80000)
 ParOldGen       total 981504K, used 294020K [0x0000000080000000, 0x00000000bbe80000, 0x00000000d5580000)
  object space 981504K, 29% used [0x0000000080000000,0x0000000091f21178,0x00000000bbe80000)
 Metaspace       used 74765K, committed 76288K, reserved 1179648K
  class space    used 7733K, committed 8448K, reserved 1048576K
GC Heap History (20 events):
Event: 112.017 GC heap before
{Heap before GC invocations=1710 (full 4):
 PSYoungGen      total 2560K, used 2072K [0x00000000d5580000, 0x00000000d5b00000, 0x0000000100000000)
  eden space 1536K, 100% used [0x00000000d5580000,0x00000000d5700000,0x00000000d5700000)
  from space 1024K, 52% used [0x00000000d5900000,0x00000000d5986010,0x00000000d5a00000)
  to   space 1024K, 0% used [0x00000000d5a00000,0x00000000d5a00000,0x00000000d5b00000)
 ParOldGen       total 981504K, used 285375K [0x0000000080000000, 0x00000000bbe80000, 0x00000000d5580000)
  object space 981504K, 29% used [0x0000000080000000,0x00000000916afcc8,0x00000000bbe80000)
 Metaspace       used 74761K, committed 76288K, reserved 1179648K
  class space    used 7733K, committed 8448K, reserved 1048576K
}
Event: 112.021 GC heap after
{Heap after GC invocations=1710 (full 4):
 PSYoungGen      total 3072K, used 896K [0x00000000d5580000, 0x00000000d5b00000, 0x0000000100000000)
  eden space 2048K, 0% used [0x00000000d5580000,0x00000000d5580000,0x00000000d5780000)
  from space 1024K, 87% used [0x00000000d5a00000,0x00000000d5ae0010,0x00000000d5b00000)
  to   space 1024K, 0% used [0x00000000d5900000,0x00000000d5900000,0x00000000d5a00000)
 ParOldGen       total 981504K, used 285671K [0x0000000080000000, 0x00000000bbe80000, 0x00000000d5580000)
  object space 981504K, 29% used [0x0000000080000000,0x00000000916f9cd0,0x00000000bbe80000)
 Metaspace       used 74761K, committed 76288K, reserved 1179648K
  class space    used 7733K, committed 8448K, reserved 1048576K
}
Event: 112.047 GC heap before
{Heap before GC invocations=1711 (full 4):
 PSYoungGen      total 3072K, used 2944K [0x00000000d5580000, 0x00000000d5b00000, 0x0000000100000000)
  eden space 2048K, 100% used [0x00000000d5580000,0x00000000d5780000,0x00000000d5780000)
  from space 1024K, 87% used [0x00000000d5a00000,0x00000000d5ae0010,0x00000000d5b00000)
  to   space 1024K, 0% used [0x00000000d5900000,0x00000000d5900000,0x00000000d5a00000)
 ParOldGen       total 981504K, used 285671K [0x0000000080000000, 0x00000000bbe80000, 0x00000000d5580000)
  object space 981504K, 29% used [0x0000000080000000,0x00000000916f9cd0,0x00000000bbe80000)
 Metaspace       used 74764K, committed 76288K, reserved 1179648K
  class space    used 7733K, committed 8448K, reserved 1048576K
}
Event: 112.052 GC heap after
{Heap after GC invocations=1711 (full 4):
 PSYoungGen      total 3584K, used 1020K [0x00000000d5580000, 0x00000000d5c00000, 0x0000000100000000)
  eden space 2560K, 0% used [0x00000000d5580000,0x00000000d5580000,0x00000000d5800000)
  from space 1024K, 99% used [0x00000000d5900000,0x00000000d59ff2d0,0x00000000d5a00000)
  to   space 2048K, 0% used [0x00000000d5a00000,0x00000000d5a00000,0x00000000d5c00000)
 ParOldGen       total 981504K, used 286367K [0x0000000080000000, 0x00000000bbe80000, 0x00000000d5580000)
  object space 981504K, 29% used [0x0000000080000000,0x00000000917a7ce0,0x00000000bbe80000)
 Metaspace       used 74764K, committed 76288K, reserved 1179648K
  class space    used 7733K, committed 8448K, reserved 1048576K
}
Event: 112.130 GC heap before
{Heap before GC invocations=1712 (full 4):
 PSYoungGen      total 3584K, used 3580K [0x00000000d5580000, 0x00000000d5c00000, 0x0000000100000000)
  eden space 2560K, 100% used [0x00000000d5580000,0x00000000d5800000,0x00000000d5800000)
  from space 1024K, 99% used [0x00000000d5900000,0x00000000d59ff2d0,0x00000000d5a00000)
  to   space 2048K, 0% used [0x00000000d5a00000,0x00000000d5a00000,0x00000000d5c00000)
 ParOldGen       total 981504K, used 286367K [0x0000000080000000, 0x00000000bbe80000, 0x00000000d5580000)
  object space 981504K, 29% used [0x0000000080000000,0x00000000917a7ce0,0x00000000bbe80000)
 Metaspace       used 74764K, committed 76288K, reserved 1179648K
  class space    used 7733K, committed 8448K, reserved 1048576K
}
Event: 112.135 GC heap after
{Heap after GC invocations=1712 (full 4):
 PSYoungGen      total 4096K, used 1156K [0x00000000d5580000, 0x00000000d5b80000, 0x0000000100000000)
  eden space 2560K, 0% used [0x00000000d5580000,0x00000000d5580000,0x00000000d5800000)
  from space 1536K, 75% used [0x00000000d5a00000,0x00000000d5b21008,0x00000000d5b80000)
  to   space 1536K, 0% used [0x00000000d5880000,0x00000000d5880000,0x00000000d5a00000)
 ParOldGen       total 981504K, used 287098K [0x0000000080000000, 0x00000000bbe80000, 0x00000000d5580000)
  object space 981504K, 29% used [0x0000000080000000,0x000000009185eb30,0x00000000bbe80000)
 Metaspace       used 74764K, committed 76288K, reserved 1179648K
  class space    used 7733K, committed 8448K, reserved 1048576K
}
Event: 112.201 GC heap before
{Heap before GC invocations=1713 (full 4):
 PSYoungGen      total 4096K, used 3716K [0x00000000d5580000, 0x00000000d5b80000, 0x0000000100000000)
  eden space 2560K, 100% used [0x00000000d5580000,0x00000000d5800000,0x00000000d5800000)
  from space 1536K, 75% used [0x00000000d5a00000,0x00000000d5b21008,0x00000000d5b80000)
  to   space 1536K, 0% used [0x00000000d5880000,0x00000000d5880000,0x00000000d5a00000)
 ParOldGen       total 981504K, used 287098K [0x0000000080000000, 0x00000000bbe80000, 0x00000000d5580000)
  object space 981504K, 29% used [0x0000000080000000,0x000000009185eb30,0x00000000bbe80000)
 Metaspace       used 74764K, committed 76288K, reserved 1179648K
  class space    used 7733K, committed 8448K, reserved 1048576K
}
Event: 112.206 GC heap after
{Heap after GC invocations=1713 (full 4):
 PSYoungGen      total 3584K, used 864K [0x00000000d5580000, 0x00000000d5a80000, 0x0000000100000000)
  eden space 2560K, 0% used [0x00000000d5580000,0x00000000d5580000,0x00000000d5800000)
  from space 1024K, 84% used [0x00000000d5880000,0x00000000d5958000,0x00000000d5980000)
  to   space 1024K, 0% used [0x00000000d5980000,0x00000000d5980000,0x00000000d5a80000)
 ParOldGen       total 981504K, used 288100K [0x0000000080000000, 0x00000000bbe80000, 0x00000000d5580000)
  object space 981504K, 29% used [0x0000000080000000,0x00000000919592e8,0x00000000bbe80000)
 Metaspace       used 74764K, committed 76288K, reserved 1179648K
  class space    used 7733K, committed 8448K, reserved 1048576K
}
Event: 112.250 GC heap before
{Heap before GC invocations=1714 (full 4):
 PSYoungGen      total 3584K, used 3424K [0x00000000d5580000, 0x00000000d5a80000, 0x0000000100000000)
  eden space 2560K, 100% used [0x00000000d5580000,0x00000000d5800000,0x00000000d5800000)
  from space 1024K, 84% used [0x00000000d5880000,0x00000000d5958000,0x00000000d5980000)
  to   space 1024K, 0% used [0x00000000d5980000,0x00000000d5980000,0x00000000d5a80000)
 ParOldGen       total 981504K, used 288100K [0x0000000080000000, 0x00000000bbe80000, 0x00000000d5580000)
  object space 981504K, 29% used [0x0000000080000000,0x00000000919592e8,0x00000000bbe80000)
 Metaspace       used 74764K, committed 76288K, reserved 1179648K
  class space    used 7733K, committed 8448K, reserved 1048576K
}
Event: 112.254 GC heap after
{Heap after GC invocations=1714 (full 4):
 PSYoungGen      total 3584K, used 928K [0x00000000d5580000, 0x00000000d5a80000, 0x0000000100000000)
  eden space 2560K, 0% used [0x00000000d5580000,0x00000000d5580000,0x00000000d5800000)
  from space 1024K, 90% used [0x00000000d5980000,0x00000000d5a68000,0x00000000d5a80000)
  to   space 1024K, 0% used [0x00000000d5880000,0x00000000d5880000,0x00000000d5980000)
 ParOldGen       total 981504K, used 288864K [0x0000000080000000, 0x00000000bbe80000, 0x00000000d5580000)
  object space 981504K, 29% used [0x0000000080000000,0x0000000091a18180,0x00000000bbe80000)
 Metaspace       used 74764K, committed 76288K, reserved 1179648K
  class space    used 7733K, committed 8448K, reserved 1048576K
}
Event: 112.303 GC heap before
{Heap before GC invocations=1715 (full 4):
 PSYoungGen      total 3584K, used 3488K [0x00000000d5580000, 0x00000000d5a80000, 0x0000000100000000)
  eden space 2560K, 100% used [0x00000000d5580000,0x00000000d5800000,0x00000000d5800000)
  from space 1024K, 90% used [0x00000000d5980000,0x00000000d5a68000,0x00000000d5a80000)
  to   space 1024K, 0% used [0x00000000d5880000,0x00000000d5880000,0x00000000d5980000)
 ParOldGen       total 981504K, used 288864K [0x0000000080000000, 0x00000000bbe80000, 0x00000000d5580000)
  object space 981504K, 29% used [0x0000000080000000,0x0000000091a18180,0x00000000bbe80000)
 Metaspace       used 74764K, committed 76288K, reserved 1179648K
  class space    used 7733K, committed 8448K, reserved 1048576K
}
Event: 112.307 GC heap after
{Heap after GC invocations=1715 (full 4):
 PSYoungGen      total 3584K, used 1024K [0x00000000d5580000, 0x00000000d5b00000, 0x0000000100000000)
  eden space 2560K, 0% used [0x00000000d5580000,0x00000000d5580000,0x00000000d5800000)
  from space 1024K, 100% used [0x00000000d5880000,0x00000000d5980000,0x00000000d5980000)
  to   space 1536K, 0% used [0x00000000d5980000,0x00000000d5980000,0x00000000d5b00000)
 ParOldGen       total 981504K, used 289629K [0x0000000080000000, 0x00000000bbe80000, 0x00000000d5580000)
  object space 981504K, 29% used [0x0000000080000000,0x0000000091ad7768,0x00000000bbe80000)
 Metaspace       used 74764K, committed 76288K, reserved 1179648K
  class space    used 7733K, committed 8448K, reserved 1048576K
}
Event: 112.370 GC heap before
{Heap before GC invocations=1716 (full 4):
 PSYoungGen      total 3584K, used 3584K [0x00000000d5580000, 0x00000000d5b00000, 0x0000000100000000)
  eden space 2560K, 100% used [0x00000000d5580000,0x00000000d5800000,0x00000000d5800000)
  from space 1024K, 100% used [0x00000000d5880000,0x00000000d5980000,0x00000000d5980000)
  to   space 1536K, 0% used [0x00000000d5980000,0x00000000d5980000,0x00000000d5b00000)
 ParOldGen       total 981504K, used 289629K [0x0000000080000000, 0x00000000bbe80000, 0x00000000d5580000)
  object space 981504K, 29% used [0x0000000080000000,0x0000000091ad7768,0x00000000bbe80000)
 Metaspace       used 74764K, committed 76288K, reserved 1179648K
  class space    used 7733K, committed 8448K, reserved 1048576K
}
Event: 112.374 GC heap after
{Heap after GC invocations=1716 (full 4):
 PSYoungGen      total 3584K, used 960K [0x00000000d5580000, 0x00000000d5a80000, 0x0000000100000000)
  eden space 2560K, 0% used [0x00000000d5580000,0x00000000d5580000,0x00000000d5800000)
  from space 1024K, 93% used [0x00000000d5980000,0x00000000d5a70000,0x00000000d5a80000)
  to   space 1024K, 0% used [0x00000000d5880000,0x00000000d5880000,0x00000000d5980000)
 ParOldGen       total 981504K, used 290438K [0x0000000080000000, 0x00000000bbe80000, 0x00000000d5580000)
  object space 981504K, 29% used [0x0000000080000000,0x0000000091ba1988,0x00000000bbe80000)
 Metaspace       used 74764K, committed 76288K, reserved 1179648K
  class space    used 7733K, committed 8448K, reserved 1048576K
}
Event: 112.396 GC heap before
{Heap before GC invocations=1717 (full 4):
 PSYoungGen      total 3584K, used 3520K [0x00000000d5580000, 0x00000000d5a80000, 0x0000000100000000)
  eden space 2560K, 100% used [0x00000000d5580000,0x00000000d5800000,0x00000000d5800000)
  from space 1024K, 93% used [0x00000000d5980000,0x00000000d5a70000,0x00000000d5a80000)
  to   space 1024K, 0% used [0x00000000d5880000,0x00000000d5880000,0x00000000d5980000)
 ParOldGen       total 981504K, used 290438K [0x0000000080000000, 0x00000000bbe80000, 0x00000000d5580000)
  object space 981504K, 29% used [0x0000000080000000,0x0000000091ba1988,0x00000000bbe80000)
 Metaspace       used 74764K, committed 76288K, reserved 1179648K
  class space    used 7733K, committed 8448K, reserved 1048576K
}
Event: 112.402 GC heap after
{Heap after GC invocations=1717 (full 4):
 PSYoungGen      total 3584K, used 1017K [0x00000000d5580000, 0x00000000d5e00000, 0x0000000100000000)
  eden space 2560K, 0% used [0x00000000d5580000,0x00000000d5580000,0x00000000d5800000)
  from space 1024K, 99% used [0x00000000d5880000,0x00000000d597e450,0x00000000d5980000)
  to   space 3072K, 0% used [0x00000000d5b00000,0x00000000d5b00000,0x00000000d5e00000)
 ParOldGen       total 981504K, used 292134K [0x0000000080000000, 0x00000000bbe80000, 0x00000000d5580000)
  object space 981504K, 29% used [0x0000000080000000,0x0000000091d498b8,0x00000000bbe80000)
 Metaspace       used 74764K, committed 76288K, reserved 1179648K
  class space    used 7733K, committed 8448K, reserved 1048576K
}
Event: 112.488 GC heap before
{Heap before GC invocations=1718 (full 4):
 PSYoungGen      total 3584K, used 3577K [0x00000000d5580000, 0x00000000d5e00000, 0x0000000100000000)
  eden space 2560K, 100% used [0x00000000d5580000,0x00000000d5800000,0x00000000d5800000)
  from space 1024K, 99% used [0x00000000d5880000,0x00000000d597e450,0x00000000d5980000)
  to   space 3072K, 0% used [0x00000000d5b00000,0x00000000d5b00000,0x00000000d5e00000)
 ParOldGen       total 981504K, used 292134K [0x0000000080000000, 0x00000000bbe80000, 0x00000000d5580000)
  object space 981504K, 29% used [0x0000000080000000,0x0000000091d498b8,0x00000000bbe80000)
 Metaspace       used 74764K, committed 76288K, reserved 1179648K
  class space    used 7733K, committed 8448K, reserved 1048576K
}
Event: 112.494 GC heap after
{Heap after GC invocations=1718 (full 4):
 PSYoungGen      total 4096K, used 1110K [0x00000000d5580000, 0x00000000d5c80000, 0x0000000100000000)
  eden space 2560K, 0% used [0x00000000d5580000,0x00000000d5580000,0x00000000d5800000)
  from space 1536K, 72% used [0x00000000d5b00000,0x00000000d5c15810,0x00000000d5c80000)
  to   space 2048K, 0% used [0x00000000d5880000,0x00000000d5880000,0x00000000d5a80000)
 ParOldGen       total 981504K, used 293209K [0x0000000080000000, 0x00000000bbe80000, 0x00000000d5580000)
  object space 981504K, 29% used [0x0000000080000000,0x0000000091e56760,0x00000000bbe80000)
 Metaspace       used 74764K, committed 76288K, reserved 1179648K
  class space    used 7733K, committed 8448K, reserved 1048576K
}
Event: 112.598 GC heap before
{Heap before GC invocations=1719 (full 4):
 PSYoungGen      total 4096K, used 3670K [0x00000000d5580000, 0x00000000d5c80000, 0x0000000100000000)
  eden space 2560K, 100% used [0x00000000d5580000,0x00000000d5800000,0x00000000d5800000)
  from space 1536K, 72% used [0x00000000d5b00000,0x00000000d5c15810,0x00000000d5c80000)
  to   space 2048K, 0% used [0x00000000d5880000,0x00000000d5880000,0x00000000d5a80000)
 ParOldGen       total 981504K, used 293209K [0x0000000080000000, 0x00000000bbe80000, 0x00000000d5580000)
  object space 981504K, 29% used [0x0000000080000000,0x0000000091e56760,0x00000000bbe80000)
 Metaspace       used 74765K, committed 76288K, reserved 1179648K
  class space    used 7733K, committed 8448K, reserved 1048576K
}
Event: 113.587 GC heap after
{Heap after GC invocations=1719 (full 4):
 PSYoungGen      total 4096K, used 1074K [0x00000000d5580000, 0x00000000d5b80000, 0x0000000100000000)
  eden space 2560K, 0% used [0x00000000d5580000,0x00000000d5580000,0x00000000d5800000)
  from space 1536K, 69% used [0x00000000d5880000,0x00000000d598c808,0x00000000d5a00000)
  to   space 1536K, 0% used [0x00000000d5a00000,0x00000000d5a00000,0x00000000d5b80000)
 ParOldGen       total 981504K, used 294020K [0x0000000080000000, 0x00000000bbe80000, 0x00000000d5580000)
  object space 981504K, 29% used [0x0000000080000000,0x0000000091f21178,0x00000000bbe80000)
 Metaspace       used 74765K, committed 76288K, reserved 1179648K
  class space    used 7733K, committed 8448K, reserved 1048576K
}

